<?xml version="1.0" encoding="UTF-8"?>
<!-- Generated by org.testng.reporters.JUnitReportReporter -->
<testsuite hostname="Shiv-Shakti" failures="0" tests="1" name="My_InternshalaAssignment.Automation.Sample" time="7.413" errors="0" timestamp="2023-12-19T14:38:36 IST" skipped="0">
  <testcase classname="My_InternshalaAssignment.Automation.Sample" name="login" time="7.413"/>
  <system-out/>
</testsuite> <!-- My_InternshalaAssignment.Automation.Sample -->
